<!DOCTYPE html PUBLIC "-//W3C//DTD XHTML 1.1//EN" "https://www.w3.org/TR/xhtml11/DTD/xhtml11.dtd">
<html xmlns="https://www.w3.org/1999/xhtml">
<head>
<meta http-equiv="content-type" content="text/html; charset=UTF-8"/>
<title>TestNG Report</title>
<style type="text/css">table {margin-bottom:10px;border-collapse:collapse;empty-cells:show}th,td {border:1px solid #009;padding:.25em .5em}th {vertical-align:bottom}td {vertical-align:top}table a {font-weight:bold}.stripe td {background-color: #E6EBF9}.num {text-align:right}.passedodd td {background-color: #3F3}.passedeven td {background-color: #0A0}.skippedodd td {background-color: #DDD}.skippedeven td {background-color: #CCC}.failedodd td,.attn {background-color: #F33}.failedeven td,.stripe .attn {background-color: #D00}.stacktrace {white-space:pre;font-family:monospace}.totop {font-size:85%;text-align:center;border-bottom:2px solid #000}.invisible {display:none}</style>
</head>
<body>
<table>
<tr><th>Test</th><th># Passed</th><th># Skipped</th><th># Retried</th><th># Failed</th><th>Time (ms)</th><th>Included Groups</th><th>Excluded Groups</th></tr>
<tr><th colspan="8">Suite</th></tr>
<tr><td><a href="#t0">EdgeTest</a></td><td class="num">6</td><td class="num">0</td><td class="num">0</td><td class="num attn">1</td><td class="num">40,300</td><td></td><td></td></tr>
<tr class="stripe"><td><a href="#t1">ChromeTest</a></td><td class="num">5</td><td class="num">0</td><td class="num">0</td><td class="num attn">2</td><td class="num">40,697</td><td></td><td></td></tr>
<tr><th>Total</th><th class="num">11</th><th class="num">0</th><th class="num">0</th><th class="num attn">3</th><th class="num">80,997</th><th colspan="2"></th></tr>
</table>
<table id='summary'><thead><tr><th>Class</th><th>Method</th><th>Start</th><th>Time (ms)</th></tr></thead><tbody><tr><th colspan="4">Suite</th></tr></tbody><tbody id="t0"><tr><th colspan="4">EdgeTest &#8212; failed</th></tr><tr class="failedeven"><td rowspan="1">com.demowebshop.testscripts.TC004_VerifyUsrIsAbleToPlaceOrderTest</td><td><a href="#m0">addProductToWishList</a></td><td rowspan="1">1706517987055</td><td rowspan="1">21129</td></tr><tr><th colspan="4">EdgeTest &#8212; passed</th></tr><tr class="passedeven"><td rowspan="4">com.demowebshop.testscripts.TC001_VerifyThatUserIsAbleToRegisterTest</td><td><a href="#m1">register</a></td><td rowspan="4">1706518000066</td><td rowspan="4">12051</td></tr><tr class="passedeven"><td><a href="#m2">register</a></td></tr><tr class="passedeven"><td><a href="#m3">register</a></td></tr><tr class="passedeven"><td><a href="#m4">register</a></td></tr><tr class="passedodd"><td rowspan="1">com.demowebshop.testscripts.TC002_VerifyUsrIsAbleToAddProductToWishListAndRemoveTest</td><td><a href="#m5">addProductToWishList</a></td><td rowspan="1">1706517989337</td><td rowspan="1">4715</td></tr><tr class="passedeven"><td rowspan="1">com.demowebshop.testscripts.TC003_VerifyUsrIsAbleToAddProductsToCartAndRemoveTest</td><td><a href="#m6">addProductToWishList</a></td><td rowspan="1">1706517988795</td><td rowspan="1">7059</td></tr></tbody>
<tbody id="t1"><tr><th colspan="4">ChromeTest &#8212; failed</th></tr><tr class="failedeven"><td rowspan="1">com.demowebshop.testscripts.TC002_VerifyUsrIsAbleToAddProductToWishListAndRemoveTest</td><td><a href="#m7">addProductToWishList</a></td><td rowspan="1">1706517986904</td><td rowspan="1">23125</td></tr><tr class="failedodd"><td rowspan="1">com.demowebshop.testscripts.TC004_VerifyUsrIsAbleToPlaceOrderTest</td><td><a href="#m8">addProductToWishList</a></td><td rowspan="1">1706517986471</td><td rowspan="1">21012</td></tr><tr><th colspan="4">ChromeTest &#8212; passed</th></tr><tr class="passedeven"><td rowspan="4">com.demowebshop.testscripts.TC001_VerifyThatUserIsAbleToRegisterTest</td><td><a href="#m9">register</a></td><td rowspan="4">1706517979253</td><td rowspan="4">13640</td></tr><tr class="passedeven"><td><a href="#m10">register</a></td></tr><tr class="passedeven"><td><a href="#m11">register</a></td></tr><tr class="passedeven"><td><a href="#m12">register</a></td></tr><tr class="passedodd"><td rowspan="1">com.demowebshop.testscripts.TC003_VerifyUsrIsAbleToAddProductsToCartAndRemoveTest</td><td><a href="#m13">addProductToWishList</a></td><td rowspan="1">1706517987401</td><td rowspan="1">8126</td></tr></tbody>
</table>
<h2>EdgeTest</h2><h3 id="m0">com.demowebshop.testscripts.TC004_VerifyUsrIsAbleToPlaceOrderTest#addProductToWishList</h3><table class="result"><tr><th>Messages</th></tr><tr><td><div class="messages">Computers Page Is Displayed</div></td></tr><tr><th>Exception</th></tr><tr><td><div class="stacktrace">org.openqa.selenium.ElementNotInteractableException: element not interactable
  (Session info: MicrosoftEdge=121.0.2277.83)
Build info: version: &apos;4.16.1&apos;, revision: &apos;9b4c83354e&apos;
System info: os.name: &apos;Windows 10&apos;, os.arch: &apos;amd64&apos;, os.version: &apos;10.0&apos;, java.version: &apos;19.0.2&apos;
Driver info: org.openqa.selenium.edge.EdgeDriver
Command: [b9b3543f96b4d0634bc2730a1d3a375e, clickElement {id=A9314D1622EAC39CB0D587160CD541DB_element_95}]
Capabilities {acceptInsecureCerts: false, browserName: MicrosoftEdge, browserVersion: 121.0.2277.83, fedcm:accounts: true, ms:edgeOptions: {debuggerAddress: localhost:53876}, msedge: {msedgedriverVersion: 121.0.2277.83 (ff4586e3b035..., userDataDir: C:\Users\User\AppData\Local...}, networkConnectionEnabled: false, pageLoadStrategy: normal, platformName: windows, proxy: Proxy(), se:cdp: ws://localhost:53876/devtoo..., se:cdpVersion: 121.0.2277.83, setWindowRect: true, strictFileInteractability: false, timeouts: {implicit: 0, pageLoad: 300000, script: 30000}, unhandledPromptBehavior: dismiss and notify, webauthn:extension:credBlob: true, webauthn:extension:largeBlob: true, webauthn:extension:minPinLength: true, webauthn:extension:prf: true, webauthn:virtualAuthenticators: true}
Element: [[EdgeDriver: MicrosoftEdge on windows (b9b3543f96b4d0634bc2730a1d3a375e)] -&gt; xpath: //a[ @href = &apos;/desktops&apos;]]
Session ID: b9b3543f96b4d0634bc2730a1d3a375e
	at org.openqa.selenium.remote.codec.w3c.W3CHttpResponseCodec.createException(W3CHttpResponseCodec.java:200)
	at org.openqa.selenium.remote.codec.w3c.W3CHttpResponseCodec.decode(W3CHttpResponseCodec.java:133)
	at org.openqa.selenium.remote.codec.w3c.W3CHttpResponseCodec.decode(W3CHttpResponseCodec.java:52)
	at org.openqa.selenium.remote.HttpCommandExecutor.execute(HttpCommandExecutor.java:191)
	at org.openqa.selenium.remote.service.DriverCommandExecutor.invokeExecute(DriverCommandExecutor.java:200)
	at org.openqa.selenium.remote.service.DriverCommandExecutor.execute(DriverCommandExecutor.java:175)
	at org.openqa.selenium.remote.RemoteWebDriver.execute(RemoteWebDriver.java:523)
	at org.openqa.selenium.remote.RemoteWebElement.execute(RemoteWebElement.java:224)
	at org.openqa.selenium.remote.RemoteWebElement.click(RemoteWebElement.java:77)
	at org.openqa.selenium.support.pagefactory.internal.LocatingElementHandler.invoke(LocatingElementHandler.java:51)
	at jdk.proxy2/jdk.proxy2.$Proxy22.click(Unknown Source)
	at com.demowebshop.testscripts.TC004_VerifyUsrIsAbleToPlaceOrderTest.addProductToWishList(TC004_VerifyUsrIsAbleToPlaceOrderTest.java:36)
	at java.base/java.util.concurrent.ThreadPoolExecutor.runWorker(ThreadPoolExecutor.java:1144)
	at java.base/java.util.concurrent.ThreadPoolExecutor$Worker.run(ThreadPoolExecutor.java:642)
	at java.base/java.lang.Thread.run(Thread.java:1589)
... Removed 15 stack frames</div></td></tr></table><p class="totop"><a href="#summary">back to summary</a></p>
<h3 id="m1">com.demowebshop.testscripts.TC001_VerifyThatUserIsAbleToRegisterTest#register</h3><table class="result"><tr class="param"><th>Parameter #1</th><th>Parameter #2</th><th>Parameter #3</th><th>Parameter #4</th><th>Parameter #5</th></tr><tr class="param stripe"><td>Mala</td><td>Gowda</td><td>Mala@gmail.com</td><td>Mala@123</td><td>Mala@123</td></tr><tr><th colspan="5">Messages</th></tr><tr><td colspan="5"><div class="messages">Home Page is Displayed<br/>Register Page is Displayed<br/>User Registeredm successfully</div></td></tr></table><p class="totop"><a href="#summary">back to summary</a></p>
<h3 id="m2">com.demowebshop.testscripts.TC001_VerifyThatUserIsAbleToRegisterTest#register</h3><table class="result"><tr class="param"><th>Parameter #1</th><th>Parameter #2</th><th>Parameter #3</th><th>Parameter #4</th><th>Parameter #5</th></tr><tr class="param stripe"><td>Sheela</td><td>Gowda</td><td>Sheela@gmail.com</td><td>Sheela@123</td><td>Sheela@123</td></tr><tr><th colspan="5">Messages</th></tr><tr><td colspan="5"><div class="messages">Home Page is Displayed<br/>Register Page is Displayed<br/>User Registeredm successfully</div></td></tr></table><p class="totop"><a href="#summary">back to summary</a></p>
<h3 id="m3">com.demowebshop.testscripts.TC001_VerifyThatUserIsAbleToRegisterTest#register</h3><table class="result"><tr class="param"><th>Parameter #1</th><th>Parameter #2</th><th>Parameter #3</th><th>Parameter #4</th><th>Parameter #5</th></tr><tr class="param stripe"><td>Urmila</td><td>Jain</td><td>Urmila@gmail.com</td><td>Urmila@123</td><td>Urmila@123</td></tr><tr><th colspan="5">Messages</th></tr><tr><td colspan="5"><div class="messages">Home Page is Displayed<br/>Register Page is Displayed<br/>User Registeredm successfully</div></td></tr></table><p class="totop"><a href="#summary">back to summary</a></p>
<h3 id="m4">com.demowebshop.testscripts.TC001_VerifyThatUserIsAbleToRegisterTest#register</h3><table class="result"><tr class="param"><th>Parameter #1</th><th>Parameter #2</th><th>Parameter #3</th><th>Parameter #4</th><th>Parameter #5</th></tr><tr class="param stripe"><td>Leela</td><td>Nayak</td><td>Leela@gmail.com</td><td>Leela@123</td><td>Leela@123</td></tr><tr><th colspan="5">Messages</th></tr><tr><td colspan="5"><div class="messages">Home Page is Displayed<br/>Register Page is Displayed<br/>User Registeredm successfully</div></td></tr></table><p class="totop"><a href="#summary">back to summary</a></p>
<h3 id="m5">com.demowebshop.testscripts.TC002_VerifyUsrIsAbleToAddProductToWishListAndRemoveTest#addProductToWishList</h3><table class="result"><tr><th>Messages</th></tr><tr><td><div class="messages">Books Page Is Displayed<br/>Wish List Page is Displayed<br/>Added Product is displayed in wish List<br/>Added Product is removed</div></td></tr></table><p class="totop"><a href="#summary">back to summary</a></p>
<h3 id="m6">com.demowebshop.testscripts.TC003_VerifyUsrIsAbleToAddProductsToCartAndRemoveTest#addProductToWishList</h3><table class="result"><tr><th>Messages</th></tr><tr><td><div class="messages">Digital Downloads Page Is Displayed<br/>Shopping Cart Page Is Displayed<br/>All Added Products are displayed<br/>All Added Products are removed from Cart</div></td></tr></table><p class="totop"><a href="#summary">back to summary</a></p>
<h2>ChromeTest</h2><h3 id="m7">com.demowebshop.testscripts.TC002_VerifyUsrIsAbleToAddProductToWishListAndRemoveTest#addProductToWishList</h3><table class="result"><tr><th>Messages</th></tr><tr><td><div class="messages">Books Page Is Displayed<br/>Wish List Page is Displayed</div></td></tr><tr><th>Exception</th></tr><tr><td><div class="stacktrace">org.openqa.selenium.NoSuchElementException: no such element: Unable to locate element: {&quot;method&quot;:&quot;xpath&quot;,&quot;selector&quot;:&quot;//a[ text() = &apos;Fiction EX&apos;]&quot;}
  (Session info: chrome=120.0.6099.227)
For documentation on this error, please visit: https://www.selenium.dev/documentation/webdriver/troubleshooting/errors#no-such-element-exception
Build info: version: &apos;4.16.1&apos;, revision: &apos;9b4c83354e&apos;
System info: os.name: &apos;Windows 10&apos;, os.arch: &apos;amd64&apos;, os.version: &apos;10.0&apos;, java.version: &apos;19.0.2&apos;
Driver info: org.openqa.selenium.chrome.ChromeDriver
Command: [12d4eb1ecff784b3081354904a72e1c8, findElement {using=xpath, value=//a[ text() = &apos;Fiction EX&apos;]}]
Capabilities {acceptInsecureCerts: false, browserName: chrome, browserVersion: 120.0.6099.227, chrome: {chromedriverVersion: 120.0.6099.109 (3419140ab66..., userDataDir: C:\Users\User\AppData\Local...}, fedcm:accounts: true, goog:chromeOptions: {debuggerAddress: localhost:53831}, networkConnectionEnabled: false, pageLoadStrategy: normal, platformName: windows, proxy: Proxy(), se:cdp: ws://localhost:53831/devtoo..., se:cdpVersion: 120.0.6099.227, setWindowRect: true, strictFileInteractability: false, timeouts: {implicit: 0, pageLoad: 300000, script: 30000}, unhandledPromptBehavior: dismiss and notify, webauthn:extension:credBlob: true, webauthn:extension:largeBlob: true, webauthn:extension:minPinLength: true, webauthn:extension:prf: true, webauthn:virtualAuthenticators: true}
Session ID: 12d4eb1ecff784b3081354904a72e1c8
	at org.openqa.selenium.remote.codec.w3c.W3CHttpResponseCodec.createException(W3CHttpResponseCodec.java:200)
	at org.openqa.selenium.remote.codec.w3c.W3CHttpResponseCodec.decode(W3CHttpResponseCodec.java:133)
	at org.openqa.selenium.remote.codec.w3c.W3CHttpResponseCodec.decode(W3CHttpResponseCodec.java:52)
	at org.openqa.selenium.remote.HttpCommandExecutor.execute(HttpCommandExecutor.java:191)
	at org.openqa.selenium.remote.service.DriverCommandExecutor.invokeExecute(DriverCommandExecutor.java:200)
	at org.openqa.selenium.remote.service.DriverCommandExecutor.execute(DriverCommandExecutor.java:175)
	at org.openqa.selenium.remote.RemoteWebDriver.execute(RemoteWebDriver.java:523)
	at org.openqa.selenium.remote.ElementLocation$ElementFinder$2.findElement(ElementLocation.java:165)
	at org.openqa.selenium.remote.ElementLocation.findElement(ElementLocation.java:59)
	at org.openqa.selenium.remote.RemoteWebDriver.findElement(RemoteWebDriver.java:360)
	at org.openqa.selenium.remote.RemoteWebDriver.findElement(RemoteWebDriver.java:354)
	at org.openqa.selenium.support.pagefactory.DefaultElementLocator.findElement(DefaultElementLocator.java:68)
	at org.openqa.selenium.support.pagefactory.internal.LocatingElementHandler.invoke(LocatingElementHandler.java:38)
	at jdk.proxy2/jdk.proxy2.$Proxy22.isDisplayed(Unknown Source)
	at com.demowebshop.testscripts.TC002_VerifyUsrIsAbleToAddProductToWishListAndRemoveTest.addProductToWishList(TC002_VerifyUsrIsAbleToAddProductToWishListAndRemoveTest.java:50)
	at java.base/java.util.concurrent.ThreadPoolExecutor.runWorker(ThreadPoolExecutor.java:1144)
	at java.base/java.util.concurrent.ThreadPoolExecutor$Worker.run(ThreadPoolExecutor.java:642)
	at java.base/java.lang.Thread.run(Thread.java:1589)
... Removed 13 stack frames</div></td></tr></table><p class="totop"><a href="#summary">back to summary</a></p>
<h3 id="m8">com.demowebshop.testscripts.TC004_VerifyUsrIsAbleToPlaceOrderTest#addProductToWishList</h3><table class="result"><tr><th>Messages</th></tr><tr><td><div class="messages">Computers Page Is Displayed</div></td></tr><tr><th>Exception</th></tr><tr><td><div class="stacktrace">org.openqa.selenium.ElementNotInteractableException: element not interactable
  (Session info: chrome=120.0.6099.227)
Build info: version: &apos;4.16.1&apos;, revision: &apos;9b4c83354e&apos;
System info: os.name: &apos;Windows 10&apos;, os.arch: &apos;amd64&apos;, os.version: &apos;10.0&apos;, java.version: &apos;19.0.2&apos;
Driver info: org.openqa.selenium.chrome.ChromeDriver
Command: [5761f1ce12e20b0eb86581a8c5f685ef, clickElement {id=D262F10E950EC0A65BF836AFD7B26DA3_element_93}]
Capabilities {acceptInsecureCerts: false, browserName: chrome, browserVersion: 120.0.6099.227, chrome: {chromedriverVersion: 120.0.6099.109 (3419140ab66..., userDataDir: C:\Users\User\AppData\Local...}, fedcm:accounts: true, goog:chromeOptions: {debuggerAddress: localhost:53832}, networkConnectionEnabled: false, pageLoadStrategy: normal, platformName: windows, proxy: Proxy(), se:cdp: ws://localhost:53832/devtoo..., se:cdpVersion: 120.0.6099.227, setWindowRect: true, strictFileInteractability: false, timeouts: {implicit: 0, pageLoad: 300000, script: 30000}, unhandledPromptBehavior: dismiss and notify, webauthn:extension:credBlob: true, webauthn:extension:largeBlob: true, webauthn:extension:minPinLength: true, webauthn:extension:prf: true, webauthn:virtualAuthenticators: true}
Element: [[ChromeDriver: chrome on windows (5761f1ce12e20b0eb86581a8c5f685ef)] -&gt; xpath: //a[ @href = &apos;/desktops&apos;]]
Session ID: 5761f1ce12e20b0eb86581a8c5f685ef
	at org.openqa.selenium.remote.codec.w3c.W3CHttpResponseCodec.createException(W3CHttpResponseCodec.java:200)
	at org.openqa.selenium.remote.codec.w3c.W3CHttpResponseCodec.decode(W3CHttpResponseCodec.java:133)
	at org.openqa.selenium.remote.codec.w3c.W3CHttpResponseCodec.decode(W3CHttpResponseCodec.java:52)
	at org.openqa.selenium.remote.HttpCommandExecutor.execute(HttpCommandExecutor.java:191)
	at org.openqa.selenium.remote.service.DriverCommandExecutor.invokeExecute(DriverCommandExecutor.java:200)
	at org.openqa.selenium.remote.service.DriverCommandExecutor.execute(DriverCommandExecutor.java:175)
	at org.openqa.selenium.remote.RemoteWebDriver.execute(RemoteWebDriver.java:523)
	at org.openqa.selenium.remote.RemoteWebElement.execute(RemoteWebElement.java:224)
	at org.openqa.selenium.remote.RemoteWebElement.click(RemoteWebElement.java:77)
	at org.openqa.selenium.support.pagefactory.internal.LocatingElementHandler.invoke(LocatingElementHandler.java:51)
	at jdk.proxy2/jdk.proxy2.$Proxy22.click(Unknown Source)
	at com.demowebshop.testscripts.TC004_VerifyUsrIsAbleToPlaceOrderTest.addProductToWishList(TC004_VerifyUsrIsAbleToPlaceOrderTest.java:36)
	at java.base/java.util.concurrent.ThreadPoolExecutor.runWorker(ThreadPoolExecutor.java:1144)
	at java.base/java.util.concurrent.ThreadPoolExecutor$Worker.run(ThreadPoolExecutor.java:642)
	at java.base/java.lang.Thread.run(Thread.java:1589)
... Removed 15 stack frames</div></td></tr></table><p class="totop"><a href="#summary">back to summary</a></p>
<h3 id="m9">com.demowebshop.testscripts.TC001_VerifyThatUserIsAbleToRegisterTest#register</h3><table class="result"><tr class="param"><th>Parameter #1</th><th>Parameter #2</th><th>Parameter #3</th><th>Parameter #4</th><th>Parameter #5</th></tr><tr class="param stripe"><td>Sheela</td><td>Gowda</td><td>Sheela@gmail.com</td><td>Sheela@123</td><td>Sheela@123</td></tr><tr><th colspan="5">Messages</th></tr><tr><td colspan="5"><div class="messages">Home Page is Displayed<br/>Register Page is Displayed<br/>User Registeredm successfully</div></td></tr></table><p class="totop"><a href="#summary">back to summary</a></p>
<h3 id="m10">com.demowebshop.testscripts.TC001_VerifyThatUserIsAbleToRegisterTest#register</h3><table class="result"><tr class="param"><th>Parameter #1</th><th>Parameter #2</th><th>Parameter #3</th><th>Parameter #4</th><th>Parameter #5</th></tr><tr class="param stripe"><td>Leela</td><td>Nayak</td><td>Leela@gmail.com</td><td>Leela@123</td><td>Leela@123</td></tr><tr><th colspan="5">Messages</th></tr><tr><td colspan="5"><div class="messages">Home Page is Displayed<br/>Register Page is Displayed<br/>User Registeredm successfully</div></td></tr></table><p class="totop"><a href="#summary">back to summary</a></p>
<h3 id="m11">com.demowebshop.testscripts.TC001_VerifyThatUserIsAbleToRegisterTest#register</h3><table class="result"><tr class="param"><th>Parameter #1</th><th>Parameter #2</th><th>Parameter #3</th><th>Parameter #4</th><th>Parameter #5</th></tr><tr class="param stripe"><td>Urmila</td><td>Jain</td><td>Urmila@gmail.com</td><td>Urmila@123</td><td>Urmila@123</td></tr><tr><th colspan="5">Messages</th></tr><tr><td colspan="5"><div class="messages">Home Page is Displayed<br/>Register Page is Displayed<br/>User Registeredm successfully</div></td></tr></table><p class="totop"><a href="#summary">back to summary</a></p>
<h3 id="m12">com.demowebshop.testscripts.TC001_VerifyThatUserIsAbleToRegisterTest#register</h3><table class="result"><tr class="param"><th>Parameter #1</th><th>Parameter #2</th><th>Parameter #3</th><th>Parameter #4</th><th>Parameter #5</th></tr><tr class="param stripe"><td>Mala</td><td>Gowda</td><td>Mala@gmail.com</td><td>Mala@123</td><td>Mala@123</td></tr><tr><th colspan="5">Messages</th></tr><tr><td colspan="5"><div class="messages">Home Page is Displayed<br/>Register Page is Displayed<br/>User Registeredm successfully</div></td></tr></table><p class="totop"><a href="#summary">back to summary</a></p>
<h3 id="m13">com.demowebshop.testscripts.TC003_VerifyUsrIsAbleToAddProductsToCartAndRemoveTest#addProductToWishList</h3><table class="result"><tr><th>Messages</th></tr><tr><td><div class="messages">Digital Downloads Page Is Displayed<br/>Shopping Cart Page Is Displayed<br/>All Added Products are displayed<br/>All Added Products are removed from Cart</div></td></tr></table><p class="totop"><a href="#summary">back to summary</a></p>
</body>
</html>
